<?xml version="1.0" encoding="UTF-8"?>
<robot generator="Robot 6.1.1 (Python 3.12.0 on win32)" generated="20231205 19:42:32.787" rpa="false" schemaversion="4">
<suite id="s1" name="Newsletter Nespravny Email" source="C:\Users\brisa\PycharmProjects\pythonProjectZTS\Tests\newsletter_nespravny_email.robot">
<test id="s1-t1" name="Test Newsletter Nespravny Email" line="9">
<kw name="Open Browser" library="SeleniumLibrary">
<arg>${URL}</arg>
<arg>${Browser}</arg>
<doc>Opens a new browser instance to the optional ``url``.</doc>
<msg timestamp="20231205 19:42:33.137" level="INFO">Opening browser 'chrome' to base url 'https://www.martinus.sk/'.</msg>
<status status="PASS" starttime="20231205 19:42:33.136" endtime="20231205 19:42:36.508"/>
</kw>
<kw name="Maximize Browser Window" library="SeleniumLibrary">
<doc>Maximizes current browser window.</doc>
<status status="PASS" starttime="20231205 19:42:36.509" endtime="20231205 19:42:36.644"/>
</kw>
<kw name="Click Element" library="SeleniumLibrary">
<arg>id=CybotCookiebotDialogBodyLevelButtonLevelOptinAllowAll</arg>
<doc>Click the element identified by ``locator``.</doc>
<msg timestamp="20231205 19:42:36.646" level="INFO">Clicking element 'id=CybotCookiebotDialogBodyLevelButtonLevelOptinAllowAll'.</msg>
<status status="PASS" starttime="20231205 19:42:36.645" endtime="20231205 19:42:37.353"/>
</kw>
<kw name="Click Element" library="SeleniumLibrary">
<arg>id=newsletter-input</arg>
<doc>Click the element identified by ``locator``.</doc>
<msg timestamp="20231205 19:42:37.354" level="INFO">Clicking element 'id=newsletter-input'.</msg>
<status status="PASS" starttime="20231205 19:42:37.353" endtime="20231205 19:42:38.617"/>
</kw>
<kw name="Input Text" library="SeleniumLibrary">
<arg>id=newsletter-input</arg>
<arg>zts.example.com</arg>
<doc>Types the given ``text`` into the text field identified by ``locator``.</doc>
<msg timestamp="20231205 19:42:38.618" level="INFO">Typing text 'zts.example.com' into text field 'id=newsletter-input'.</msg>
<status status="PASS" starttime="20231205 19:42:38.618" endtime="20231205 19:42:39.120"/>
</kw>
<kw name="Click Element" library="SeleniumLibrary">
<arg>css=.btn--primary</arg>
<doc>Click the element identified by ``locator``.</doc>
<msg timestamp="20231205 19:42:39.121" level="INFO">Clicking element 'css=.btn--primary'.</msg>
<status status="PASS" starttime="20231205 19:42:39.120" endtime="20231205 19:42:40.648"/>
</kw>
<kw name="Wait Until Element Is Visible" library="SeleniumLibrary">
<arg>css=.form-text:nth-child(4)</arg>
<arg>timeout=10s</arg>
<doc>Waits until the element ``locator`` is visible.</doc>
<status status="PASS" starttime="20231205 19:42:40.648" endtime="20231205 19:42:40.742"/>
</kw>
<kw name="Get Text" library="SeleniumLibrary">
<var>${error_message}</var>
<arg>css=.form-text:nth-child(4)</arg>
<doc>Returns the text value of the element identified by ``locator``.</doc>
<msg timestamp="20231205 19:42:40.777" level="INFO">${error_message} = Zadaná e-mailová adresa je neplatná.</msg>
<status status="PASS" starttime="20231205 19:42:40.743" endtime="20231205 19:42:40.777"/>
</kw>
<kw name="Should Be Equal As Strings" library="BuiltIn">
<arg>${error_message}</arg>
<arg>Zadaná e-mailová adresa je neplatná.</arg>
<doc>Fails if objects are unequal after converting them to strings.</doc>
<status status="PASS" starttime="20231205 19:42:40.778" endtime="20231205 19:42:40.778"/>
</kw>
<kw name="Close Browser" library="SeleniumLibrary">
<doc>Closes the current browser.</doc>
<status status="PASS" starttime="20231205 19:42:40.779" endtime="20231205 19:42:43.000"/>
</kw>
<status status="PASS" starttime="20231205 19:42:33.135" endtime="20231205 19:42:43.001"/>
</test>
<status status="PASS" starttime="20231205 19:42:32.789" endtime="20231205 19:42:43.003"/>
</suite>
<statistics>
<total>
<stat pass="1" fail="0" skip="0">All Tests</stat>
</total>
<tag>
</tag>
<suite>
<stat pass="1" fail="0" skip="0" id="s1" name="Newsletter Nespravny Email">Newsletter Nespravny Email</stat>
</suite>
</statistics>
<errors>
</errors>
</robot>
