<?xml version="1.0" encoding="UTF-8"?>
<robot generator="Robot 6.1.1 (Python 3.12.0 on win32)" generated="20231115 15:17:14.782" rpa="false" schemaversion="4">
<suite id="s1" name="Cviko" source="C:\Users\brisa\PycharmProjects\pythonProjectZTS\Tests\cviko.robot">
<test id="s1-t1" name="Moj prvy skript v robotframeworku" line="5">
<kw name="Open Browser" library="SeleniumLibrary">
<arg>http://www.google.com</arg>
<arg>Firefox</arg>
<doc>Opens a new browser instance to the optional ``url``.</doc>
<msg timestamp="20231115 15:17:15.223" level="INFO">Opening browser 'Firefox' to base url 'http://www.google.com'.</msg>
<status status="PASS" starttime="20231115 15:17:15.223" endtime="20231115 15:17:30.894"/>
</kw>
<kw name="Close Browser" library="SeleniumLibrary">
<doc>Closes the current browser.</doc>
<status status="PASS" starttime="20231115 15:17:30.894" endtime="20231115 15:17:34.887"/>
</kw>
<doc>Google web stranka Prvy test</doc>
<tag>funkcnyTest</tag>
<status status="PASS" starttime="20231115 15:17:15.223" endtime="20231115 15:17:34.887"/>
</test>
<status status="PASS" starttime="20231115 15:17:14.790" endtime="20231115 15:17:34.887"/>
</suite>
<statistics>
<total>
<stat pass="1" fail="0" skip="0">All Tests</stat>
</total>
<tag>
<stat pass="1" fail="0" skip="0">funkcnyTest</stat>
</tag>
<suite>
<stat pass="1" fail="0" skip="0" id="s1" name="Cviko">Cviko</stat>
</suite>
</statistics>
<errors>
</errors>
</robot>
